<?xml version="1.0" encoding="UTF-8"?>
<!-- Generated by org.testng.reporters.JUnitXMLReporter -->
<testsuite ignored="0" hostname="Jitendras-MacBook-Air.local" failures="0" tests="26" name="Default test" time="0.088" errors="0" timestamp="2022-10-01T13:32:46 EDT">
  <testcase classname="com.firebase.test.base.BaseTest" name="@BeforeMethod setUp" time="-1.664645566246E9">
    <failure type="org.testng.TestNGException" message="
Parameter &amp;apos;browsername&amp;apos; is required by BeforeMethod on method setUp but has not been marked @Optional or defined
in /private/var/folders/yg/swgt2fds51s_mck7wjr04pzm0000gn/T/testng-eclipse--1478260888/testng-customsuite.xml">
      <![CDATA[org.testng.TestNGException: 
Parameter 'browsername' is required by BeforeMethod on method setUp but has not been marked @Optional or defined
in /private/var/folders/yg/swgt2fds51s_mck7wjr04pzm0000gn/T/testng-eclipse--1478260888/testng-customsuite.xml
at org.testng.internal.Parameters.createParams(Parameters.java:270)
at org.testng.internal.Parameters.createParametersForMethod(Parameters.java:358)
at org.testng.internal.Parameters.createParameters(Parameters.java:700)
at org.testng.internal.Parameters.createConfigurationParameters(Parameters.java:168)
at org.testng.internal.ConfigInvoker.invokeConfigurations(ConfigInvoker.java:302)
at org.testng.internal.TestInvoker.runConfigMethods(TestInvoker.java:700)
at org.testng.internal.TestInvoker.invokeMethod(TestInvoker.java:527)
at org.testng.internal.TestInvoker.invokeTestMethod(TestInvoker.java:173)
at org.testng.internal.MethodRunner.runInSequence(MethodRunner.java:46)
at org.testng.internal.TestInvoker$MethodInvocationAgent.invoke(TestInvoker.java:824)
at org.testng.internal.TestInvoker.invokeTestMethods(TestInvoker.java:146)
at org.testng.internal.TestMethodWorker.invokeTestMethods(TestMethodWorker.java:146)
at org.testng.internal.TestMethodWorker.run(TestMethodWorker.java:128)
at java.base/java.util.ArrayList.forEach(ArrayList.java:1511)
at org.testng.TestRunner.privateRun(TestRunner.java:794)
at org.testng.TestRunner.run(TestRunner.java:596)
at org.testng.SuiteRunner.runTest(SuiteRunner.java:377)
at org.testng.SuiteRunner.runSequentially(SuiteRunner.java:371)
at org.testng.SuiteRunner.privateRun(SuiteRunner.java:332)
at org.testng.SuiteRunner.run(SuiteRunner.java:276)
at org.testng.SuiteRunnerWorker.runSuite(SuiteRunnerWorker.java:53)
at org.testng.SuiteRunnerWorker.run(SuiteRunnerWorker.java:96)
at org.testng.TestNG.runSuitesSequentially(TestNG.java:1212)
at org.testng.TestNG.runSuitesLocally(TestNG.java:1134)
at org.testng.TestNG.runSuites(TestNG.java:1063)
at org.testng.TestNG.run(TestNG.java:1031)
at org.testng.remote.AbstractRemoteTestNG.run(AbstractRemoteTestNG.java:115)
at org.testng.remote.RemoteTestNG.initAndRun(RemoteTestNG.java:251)
at org.testng.remote.RemoteTestNG.main(RemoteTestNG.java:77)
]]>
    </failure>
  </testcase> <!-- @BeforeMethod setUp -->
  <testcase classname="com.firebase.test.base.BaseTest" name="@AfterMethod tearDown" time="-1.664645566251E9">
    <skipped/>
  </testcase> <!-- @AfterMethod tearDown -->
  <testcase classname="com.firebase.test.base.BaseTest" name="@BeforeMethod setUp" time="-1.664645566251E9">
    <skipped/>
  </testcase> <!-- @BeforeMethod setUp -->
  <testcase classname="com.firebase.test.base.BaseTest" name="@AfterMethod tearDown" time="-1.664645566253E9">
    <skipped/>
  </testcase> <!-- @AfterMethod tearDown -->
  <testcase classname="com.firebase.test.base.BaseTest" name="@BeforeMethod setUp" time="-1.664645566253E9">
    <skipped/>
  </testcase> <!-- @BeforeMethod setUp -->
  <testcase classname="com.firebase.test.base.BaseTest" name="@AfterMethod tearDown" time="-1.664645566255E9">
    <skipped/>
  </testcase> <!-- @AfterMethod tearDown -->
  <testcase classname="com.firebase.test.base.BaseTest" name="@BeforeMethod setUp" time="-1.664645566255E9">
    <skipped/>
  </testcase> <!-- @BeforeMethod setUp -->
  <testcase classname="com.firebase.test.base.BaseTest" name="@AfterMethod tearDown" time="-1.664645566257E9">
    <skipped/>
  </testcase> <!-- @AfterMethod tearDown -->
  <testcase classname="com.firebase.test.base.BaseTest" name="@BeforeMethod setUp" time="-1.664645566257E9">
    <skipped/>
  </testcase> <!-- @BeforeMethod setUp -->
  <testcase classname="com.firebase.test.base.BaseTest" name="@AfterMethod tearDown" time="-1.664645566259E9">
    <skipped/>
  </testcase> <!-- @AfterMethod tearDown -->
  <testcase classname="com.firebase.test.base.BaseTest" name="@BeforeMethod setUp" time="-1.664645566259E9">
    <skipped/>
  </testcase> <!-- @BeforeMethod setUp -->
  <testcase classname="com.firebase.test.base.BaseTest" name="@AfterMethod tearDown" time="-1.66464556626E9">
    <skipped/>
  </testcase> <!-- @AfterMethod tearDown -->
  <testcase classname="com.firebase.test.base.BaseTest" name="@BeforeMethod setUp" time="-1.66464556626E9">
    <skipped/>
  </testcase> <!-- @BeforeMethod setUp -->
  <testcase classname="com.firebase.test.base.BaseTest" name="@AfterMethod tearDown" time="-1.664645566262E9">
    <skipped/>
  </testcase> <!-- @AfterMethod tearDown -->
  <testcase classname="com.firebase.test.base.BaseTest" name="@BeforeMethod setUp" time="-1.664645566262E9">
    <skipped/>
  </testcase> <!-- @BeforeMethod setUp -->
  <testcase classname="com.firebase.test.base.BaseTest" name="@AfterMethod tearDown" time="-1.664645566264E9">
    <skipped/>
  </testcase> <!-- @AfterMethod tearDown -->
  <testcase classname="com.firebase.test.base.BaseTest" name="@BeforeMethod setUp" time="-1.664645566264E9">
    <skipped/>
  </testcase> <!-- @BeforeMethod setUp -->
  <testcase classname="com.firebase.test.base.BaseTest" name="@AfterMethod tearDown" time="-1.664645566265E9">
    <skipped/>
  </testcase> <!-- @AfterMethod tearDown -->
  <testcase classname="com.firebase.test.base.BaseTest" name="@BeforeMethod setUp" time="-1.664645566265E9">
    <skipped/>
  </testcase> <!-- @BeforeMethod setUp -->
  <testcase classname="com.firebase.test.base.BaseTest" name="@AfterMethod tearDown" time="-1.664645566267E9">
    <skipped/>
  </testcase> <!-- @AfterMethod tearDown -->
  <testcase classname="com.firebase.test.base.BaseTest" name="@BeforeMethod setUp" time="-1.664645566267E9">
    <skipped/>
  </testcase> <!-- @BeforeMethod setUp -->
  <testcase classname="com.firebase.test.base.BaseTest" name="@AfterMethod tearDown" time="-1.664645566268E9">
    <skipped/>
  </testcase> <!-- @AfterMethod tearDown -->
  <testcase classname="com.firebase.test.base.BaseTest" name="@BeforeMethod setUp" time="-1.664645566268E9">
    <skipped/>
  </testcase> <!-- @BeforeMethod setUp -->
  <testcase classname="com.firebase.test.base.BaseTest" name="@AfterMethod tearDown" time="-1.664645566269E9">
    <skipped/>
  </testcase> <!-- @AfterMethod tearDown -->
  <testcase classname="com.firebase.test.base.BaseTest" name="@BeforeMethod setUp" time="-1.66464556627E9">
    <skipped/>
  </testcase> <!-- @BeforeMethod setUp -->
  <testcase classname="com.firebase.test.base.BaseTest" name="@AfterMethod tearDown" time="-1.664645566271E9">
    <skipped/>
  </testcase> <!-- @AfterMethod tearDown -->
  <testcase classname="com.firebase.test.base.BaseTest" name="@BeforeMethod setUp" time="-1.664645566271E9">
    <skipped/>
  </testcase> <!-- @BeforeMethod setUp -->
  <testcase classname="com.firebase.test.base.BaseTest" name="@AfterMethod tearDown" time="-1.664645566272E9">
    <skipped/>
  </testcase> <!-- @AfterMethod tearDown -->
  <testcase classname="com.firebase.test.base.BaseTest" name="@BeforeMethod setUp" time="-1.664645566272E9">
    <skipped/>
  </testcase> <!-- @BeforeMethod setUp -->
  <testcase classname="com.firebase.test.base.BaseTest" name="@AfterMethod tearDown" time="-1.664645566273E9">
    <skipped/>
  </testcase> <!-- @AfterMethod tearDown -->
  <testcase classname="com.firebase.test.base.BaseTest" name="@BeforeMethod setUp" time="-1.664645566273E9">
    <skipped/>
  </testcase> <!-- @BeforeMethod setUp -->
  <testcase classname="com.firebase.test.base.BaseTest" name="@AfterMethod tearDown" time="-1.664645566274E9">
    <skipped/>
  </testcase> <!-- @AfterMethod tearDown -->
  <testcase classname="com.firebase.test.base.BaseTest" name="@BeforeMethod setUp" time="-1.664645566275E9">
    <skipped/>
  </testcase> <!-- @BeforeMethod setUp -->
  <testcase classname="com.firebase.test.base.BaseTest" name="@AfterMethod tearDown" time="-1.664645566276E9">
    <skipped/>
  </testcase> <!-- @AfterMethod tearDown -->
  <testcase classname="com.firebase.test.base.BaseTest" name="@BeforeMethod setUp" time="-1.664645566276E9">
    <skipped/>
  </testcase> <!-- @BeforeMethod setUp -->
  <testcase classname="com.firebase.test.base.BaseTest" name="@AfterMethod tearDown" time="-1.664645566277E9">
    <skipped/>
  </testcase> <!-- @AfterMethod tearDown -->
  <testcase classname="com.firebase.test.base.BaseTest" name="@BeforeMethod setUp" time="-1.664645566277E9">
    <skipped/>
  </testcase> <!-- @BeforeMethod setUp -->
  <testcase classname="com.firebase.test.base.BaseTest" name="@AfterMethod tearDown" time="-1.664645566278E9">
    <skipped/>
  </testcase> <!-- @AfterMethod tearDown -->
  <testcase classname="com.firebase.test.base.BaseTest" name="@BeforeMethod setUp" time="-1.664645566278E9">
    <skipped/>
  </testcase> <!-- @BeforeMethod setUp -->
  <testcase classname="com.firebase.test.base.BaseTest" name="@AfterMethod tearDown" time="-1.664645566279E9">
    <skipped/>
  </testcase> <!-- @AfterMethod tearDown -->
  <testcase classname="com.firebase.test.base.BaseTest" name="@BeforeMethod setUp" time="-1.664645566279E9">
    <skipped/>
  </testcase> <!-- @BeforeMethod setUp -->
  <testcase classname="com.firebase.test.base.BaseTest" name="@AfterMethod tearDown" time="-1.66464556628E9">
    <skipped/>
  </testcase> <!-- @AfterMethod tearDown -->
  <testcase classname="com.firebase.test.base.BaseTest" name="@BeforeMethod setUp" time="-1.66464556628E9">
    <skipped/>
  </testcase> <!-- @BeforeMethod setUp -->
  <testcase classname="com.firebase.test.base.BaseTest" name="@AfterMethod tearDown" time="-1.664645566281E9">
    <skipped/>
  </testcase> <!-- @AfterMethod tearDown -->
  <testcase classname="com.firebase.test.base.BaseTest" name="@BeforeMethod setUp" time="-1.664645566281E9">
    <skipped/>
  </testcase> <!-- @BeforeMethod setUp -->
  <testcase classname="com.firebase.test.base.BaseTest" name="@AfterMethod tearDown" time="-1.664645566282E9">
    <skipped/>
  </testcase> <!-- @AfterMethod tearDown -->
  <testcase classname="com.firebase.test.base.BaseTest" name="@BeforeMethod setUp" time="-1.664645566282E9">
    <skipped/>
  </testcase> <!-- @BeforeMethod setUp -->
  <testcase classname="com.firebase.test.base.BaseTest" name="@AfterMethod tearDown" time="-1.664645566283E9">
    <skipped/>
  </testcase> <!-- @AfterMethod tearDown -->
  <testcase classname="com.firebase.test.base.BaseTest" name="@BeforeMethod setUp" time="-1.664645566283E9">
    <skipped/>
  </testcase> <!-- @BeforeMethod setUp -->
  <testcase classname="com.firebase.test.base.BaseTest" name="@AfterMethod tearDown" time="-1.664645566284E9">
    <skipped/>
  </testcase> <!-- @AfterMethod tearDown -->
  <testcase classname="com.firebase.test.base.BaseTest" name="@BeforeMethod setUp" time="-1.664645566284E9">
    <skipped/>
  </testcase> <!-- @BeforeMethod setUp -->
  <testcase classname="com.firebase.test.base.BaseTest" name="@AfterMethod tearDown" time="-1.664645566285E9">
    <skipped/>
  </testcase> <!-- @AfterMethod tearDown -->
  <testcase classname="com.firebase.test.tests.AutomationScripts" name="TestID_10CreateAccount" time="0.0">
    <skipped/>
  </testcase> <!-- TestID_10CreateAccount -->
  <testcase classname="com.firebase.test.tests.AutomationScripts" name="TestID_11Createnewview" time="0.0">
    <skipped/>
  </testcase> <!-- TestID_11Createnewview -->
  <testcase classname="com.firebase.test.tests.AutomationScripts" name="TestID_12Editview" time="0.0">
    <skipped/>
  </testcase> <!-- TestID_12Editview -->
  <testcase classname="com.firebase.test.tests.AutomationScripts" name="TestID_13MergeAccounts" time="0.0">
    <skipped/>
  </testcase> <!-- TestID_13MergeAccounts -->
  <testcase classname="com.firebase.test.tests.AutomationScripts" name="TestID_14CreateAccountReport" time="0.0">
    <skipped/>
  </testcase> <!-- TestID_14CreateAccountReport -->
  <testcase classname="com.firebase.test.tests.AutomationScripts" name="TestID_15opportunitiesDropdown" time="0.0">
    <skipped/>
  </testcase> <!-- TestID_15opportunitiesDropdown -->
  <testcase classname="com.firebase.test.tests.AutomationScripts" name="TestID_16createanewOpty" time="0.0">
    <skipped/>
  </testcase> <!-- TestID_16createanewOpty -->
  <testcase classname="com.firebase.test.tests.AutomationScripts" name="TestID_17Test_Opportunity_Pipeline_Report" time="0.0">
    <skipped/>
  </testcase> <!-- TestID_17Test_Opportunity_Pipeline_Report -->
  <testcase classname="com.firebase.test.tests.AutomationScripts" name="TestID_18Test_Stuck_Opportunity_Report" time="0.0">
    <skipped/>
  </testcase> <!-- TestID_18Test_Stuck_Opportunity_Report -->
  <testcase classname="com.firebase.test.tests.AutomationScripts" name="TestID_19Test_quarterly_Summary_Report" time="0.0">
    <skipped/>
  </testcase> <!-- TestID_19Test_quarterly_Summary_Report -->
  <testcase classname="com.firebase.test.tests.AutomationScripts" name="TestID_1LoginErrorMessage" time="0.0">
    <skipped/>
  </testcase> <!-- TestID_1LoginErrorMessage -->
  <testcase classname="com.firebase.test.tests.AutomationScripts" name="TestID_20leads_Tab" time="0.0">
    <skipped/>
  </testcase> <!-- TestID_20leads_Tab -->
  <testcase classname="com.firebase.test.tests.AutomationScripts" name="TestID_21leads_Select_View" time="0.0">
    <skipped/>
  </testcase> <!-- TestID_21leads_Select_View -->
  <testcase classname="com.firebase.test.tests.AutomationScripts" name="TestID_22default_View" time="0.0">
    <skipped/>
  </testcase> <!-- TestID_22default_View -->
  <testcase classname="com.firebase.test.tests.AutomationScripts" name="TestID_23Todays_Leads" time="0.0">
    <skipped/>
  </testcase> <!-- TestID_23Todays_Leads -->
  <testcase classname="com.firebase.test.tests.AutomationScripts" name="TestID_24new_Button_On_Lead" time="0.0">
    <skipped/>
  </testcase> <!-- TestID_24new_Button_On_Lead -->
  <testcase classname="com.firebase.test.tests.AutomationScripts" name="TestID_25Create_new_contact" time="0.0">
    <skipped/>
  </testcase> <!-- TestID_25Create_new_contact -->
  <testcase classname="com.firebase.test.tests.AutomationScripts" name="TestID_2LoginToSalesForce" time="0.0">
    <skipped/>
  </testcase> <!-- TestID_2LoginToSalesForce -->
  <testcase classname="com.firebase.test.tests.AutomationScripts" name="TestID_3CheckRemeberMe" time="0.0">
    <skipped/>
  </testcase> <!-- TestID_3CheckRemeberMe -->
  <testcase classname="com.firebase.test.tests.AutomationScripts" name="TestID_4AForgotPassword" time="0.0">
    <skipped/>
  </testcase> <!-- TestID_4AForgotPassword -->
  <testcase classname="com.firebase.test.tests.AutomationScripts" name="TestID_4BForgotPassword" time="0.0">
    <skipped/>
  </testcase> <!-- TestID_4BForgotPassword -->
  <testcase classname="com.firebase.test.tests.AutomationScripts" name="TestID_5Usermenudropdown" time="0.0">
    <skipped/>
  </testcase> <!-- TestID_5Usermenudropdown -->
  <testcase classname="com.firebase.test.tests.AutomationScripts" name="TestID_6MyProfileFromUsermenudropdown" time="0.0">
    <skipped/>
  </testcase> <!-- TestID_6MyProfileFromUsermenudropdown -->
  <testcase classname="com.firebase.test.tests.AutomationScripts" name="TestID_7MySettingFromUsermenudropdown" time="0.0">
    <skipped/>
  </testcase> <!-- TestID_7MySettingFromUsermenudropdown -->
  <testcase classname="com.firebase.test.tests.AutomationScripts" name="TestID_8DeveloperConsoleFromUsermenudropdown" time="0.0">
    <skipped/>
  </testcase> <!-- TestID_8DeveloperConsoleFromUsermenudropdown -->
  <testcase classname="com.firebase.test.tests.AutomationScripts" name="TestID_9LogoutFromUsermenudropdown" time="0.0">
    <skipped/>
  </testcase> <!-- TestID_9LogoutFromUsermenudropdown -->
</testsuite> <!-- Default test -->
