<?xml version="1.0" encoding="UTF-8"?>
<!-- Generated by org.testng.reporters.JUnitReportReporter -->
<testsuite hostname="Jitendras-MacBook-Air.local" failures="0" tests="38" name="com.firebase.test.tests.AutomationScripts" time="17.314" errors="1" timestamp="2022-10-04T20:29:00 EDT" skipped="36">
  <testcase classname="com.firebase.test.tests.AutomationScripts" name="TestID_11Createnewview" time="4.346">
    <skipped/>
  </testcase> <!-- TestID_11Createnewview -->
  <system-out/>
  <testcase classname="com.firebase.test.tests.AutomationScripts" name="TestID_13MergeAccounts" time="0.000">
    <skipped/>
  </testcase> <!-- TestID_13MergeAccounts -->
  <system-out/>
  <testcase classname="com.firebase.test.tests.AutomationScripts" name="TestID_20leads_Tab" time="0.000">
    <skipped/>
  </testcase> <!-- TestID_20leads_Tab -->
  <system-out/>
  <testcase classname="com.firebase.test.tests.AutomationScripts" name="TestID_21leads_Select_View" time="0.000">
    <skipped/>
  </testcase> <!-- TestID_21leads_Select_View -->
  <system-out/>
  <testcase classname="com.firebase.test.tests.AutomationScripts" name="TestID_29View_Contact_contact_Page" time="0.000">
    <skipped/>
  </testcase> <!-- TestID_29View_Contact_contact_Page -->
  <system-out/>
  <testcase classname="com.firebase.test.tests.AutomationScripts" name="TestID_18Test_Stuck_Opportunity_Report" time="0.000">
    <skipped/>
  </testcase> <!-- TestID_18Test_Stuck_Opportunity_Report -->
  <system-out/>
  <testcase classname="com.firebase.test.tests.AutomationScripts" name="TestID_25Create_new_contact" time="0.000">
    <skipped/>
  </testcase> <!-- TestID_25Create_new_contact -->
  <system-out/>
  <testcase classname="com.firebase.test.tests.AutomationScripts" name="TestID_4AForgotPassword" time="0.000">
    <skipped/>
  </testcase> <!-- TestID_4AForgotPassword -->
  <system-out/>
  <testcase classname="com.firebase.test.tests.AutomationScripts" name="TestID_34verify_Edited_Lastname" time="0.000">
    <skipped/>
  </testcase> <!-- TestID_34verify_Edited_Lastname -->
  <system-out/>
  <testcase classname="com.firebase.test.tests.AutomationScripts" name="TestID_37blocking_An_Event_With_Weekly" time="0.000">
    <skipped/>
  </testcase> <!-- TestID_37blocking_An_Event_With_Weekly -->
  <system-out/>
  <testcase classname="com.firebase.test.tests.AutomationScripts" name="TestID_33Check_SaveandNew_button" time="0.000">
    <skipped/>
  </testcase> <!-- TestID_33Check_SaveandNew_button -->
  <system-out/>
  <testcase classname="com.firebase.test.tests.AutomationScripts" name="TestID_15opportunitiesDropdown" time="0.000">
    <skipped/>
  </testcase> <!-- TestID_15opportunitiesDropdown -->
  <system-out/>
  <testcase classname="com.firebase.test.tests.AutomationScripts" name="TestID_36blocking_An_Event" time="0.000">
    <skipped/>
  </testcase> <!-- TestID_36blocking_An_Event -->
  <system-out/>
  <testcase classname="com.firebase.test.tests.AutomationScripts" name="TestID_19Test_quarterly_Summary_Report" time="0.000">
    <skipped/>
  </testcase> <!-- TestID_19Test_quarterly_Summary_Report -->
  <system-out/>
  <testcase classname="com.firebase.test.tests.AutomationScripts" name="TestID_14CreateAccountReport" time="0.000">
    <skipped/>
  </testcase> <!-- TestID_14CreateAccountReport -->
  <system-out/>
  <testcase classname="com.firebase.test.tests.AutomationScripts" name="TestID_12Editview" time="0.000">
    <skipped/>
  </testcase> <!-- TestID_12Editview -->
  <system-out/>
  <testcase classname="com.firebase.test.tests.AutomationScripts" name="TestID_24new_Button_On_Lead" time="0.000">
    <skipped/>
  </testcase> <!-- TestID_24new_Button_On_Lead -->
  <system-out/>
  <testcase classname="com.firebase.test.tests.AutomationScripts" name="TestID_9LogoutFromUsermenudropdown" time="0.000">
    <skipped/>
  </testcase> <!-- TestID_9LogoutFromUsermenudropdown -->
  <system-out/>
  <testcase classname="com.firebase.test.tests.AutomationScripts" name="TestID_28Check_My_contact_view" time="0.000">
    <skipped/>
  </testcase> <!-- TestID_28Check_My_contact_view -->
  <system-out/>
  <testcase classname="com.firebase.test.tests.AutomationScripts" name="tearDown" time="0.004">
    <error message="Tried to run command without establishing a connection
Build info: version: &#039;4.4.0&#039;, revision: &#039;e5c75ed026a&#039;
System info: host: &#039;Jitendras-MacBook-Air.local&#039;, ip: &#039;2601:84:8801:82c0:6d16:701a:3d2:62c5%en0&#039;, os.name: &#039;Mac OS X&#039;, os.arch: &#039;aarch64&#039;, os.version: &#039;12.0.1&#039;, java.version: &#039;17.0.4&#039;
Driver info: org.openqa.selenium.firefox.FirefoxDriver
Command: [e7439f58-d497-4453-ae3f-56161a97a354, setTimeout {implicit=30000}]
Capabilities {acceptInsecureCerts: true, browserName: firefox, browserVersion: 105.0.1, moz:accessibilityChecks: false, moz:buildID: 20220922151854, moz:debuggerAddress: 127.0.0.1:65525, moz:geckodriverVersion: 0.31.0, moz:headless: false, moz:platformVersion: 21.1.0, moz:processID: 6525, moz:profile: /var/folders/yg/swgt2fds51s..., moz:shutdownTimeout: 60000, moz:useNonSpecCompliantPointerOrigin: false, moz:webdriverClick: true, moz:windowless: false, pageLoadStrategy: normal, platformName: MAC, proxy: Proxy(), se:cdp: ws://127.0.0.1:65525/devtoo..., se:cdpVersion: 85.0, setWindowRect: true, strictFileInteractability: false, timeouts: {implicit: 0, pageLoad: 300000, script: 30000}, unhandledPromptBehavior: dismiss and notify}
Session ID: e7439f58-d497-4453-ae3f-56161a97a354" type="org.openqa.selenium.NoSuchSessionException">
      <![CDATA[org.openqa.selenium.NoSuchSessionException: Tried to run command without establishing a connection
Build info: version: '4.4.0', revision: 'e5c75ed026a'
System info: host: 'Jitendras-MacBook-Air.local', ip: '2601:84:8801:82c0:6d16:701a:3d2:62c5%en0', os.name: 'Mac OS X', os.arch: 'aarch64', os.version: '12.0.1', java.version: '17.0.4'
Driver info: org.openqa.selenium.firefox.FirefoxDriver
Command: [e7439f58-d497-4453-ae3f-56161a97a354, setTimeout {implicit=30000}]
Capabilities {acceptInsecureCerts: true, browserName: firefox, browserVersion: 105.0.1, moz:accessibilityChecks: false, moz:buildID: 20220922151854, moz:debuggerAddress: 127.0.0.1:65525, moz:geckodriverVersion: 0.31.0, moz:headless: false, moz:platformVersion: 21.1.0, moz:processID: 6525, moz:profile: /var/folders/yg/swgt2fds51s..., moz:shutdownTimeout: 60000, moz:useNonSpecCompliantPointerOrigin: false, moz:webdriverClick: true, moz:windowless: false, pageLoadStrategy: normal, platformName: MAC, proxy: Proxy(), se:cdp: ws://127.0.0.1:65525/devtoo..., se:cdpVersion: 85.0, setWindowRect: true, strictFileInteractability: false, timeouts: {implicit: 0, pageLoad: 300000, script: 30000}, unhandledPromptBehavior: dismiss and notify}
Session ID: e7439f58-d497-4453-ae3f-56161a97a354
at java.base/jdk.internal.reflect.NativeConstructorAccessorImpl.newInstance0(Native Method)
at java.base/jdk.internal.reflect.NativeConstructorAccessorImpl.newInstance(NativeConstructorAccessorImpl.java:77)
at java.base/jdk.internal.reflect.DelegatingConstructorAccessorImpl.newInstance(DelegatingConstructorAccessorImpl.java:45)
at java.base/java.lang.reflect.Constructor.newInstanceWithCaller(Constructor.java:499)
at java.base/java.lang.reflect.Constructor.newInstance(Constructor.java:480)
at org.openqa.selenium.remote.codec.w3c.W3CHttpResponseCodec.createException(W3CHttpResponseCodec.java:200)
at org.openqa.selenium.remote.codec.w3c.W3CHttpResponseCodec.decode(W3CHttpResponseCodec.java:133)
at org.openqa.selenium.remote.codec.w3c.W3CHttpResponseCodec.decode(W3CHttpResponseCodec.java:53)
at org.openqa.selenium.remote.HttpCommandExecutor.execute(HttpCommandExecutor.java:184)
at org.openqa.selenium.remote.service.DriverCommandExecutor.invokeExecute(DriverCommandExecutor.java:167)
at org.openqa.selenium.remote.service.DriverCommandExecutor.execute(DriverCommandExecutor.java:142)
at org.openqa.selenium.remote.RemoteWebDriver.execute(RemoteWebDriver.java:547)
at org.openqa.selenium.remote.RemoteWebDriver$RemoteWebDriverOptions$RemoteTimeouts.implicitlyWait(RemoteWebDriver.java:902)
at com.firebase.test.base.BaseTest.implicitdriverTimeout(BaseTest.java:107)
at com.firebase.test.base.BaseTest.tearDown(BaseTest.java:94)
at java.base/jdk.internal.reflect.NativeMethodAccessorImpl.invoke0(Native Method)
at java.base/jdk.internal.reflect.NativeMethodAccessorImpl.invoke(NativeMethodAccessorImpl.java:77)
at java.base/jdk.internal.reflect.DelegatingMethodAccessorImpl.invoke(DelegatingMethodAccessorImpl.java:43)
at java.base/java.lang.reflect.Method.invoke(Method.java:568)
at org.testng.internal.MethodInvocationHelper.invokeMethod(MethodInvocationHelper.java:132)
at org.testng.internal.MethodInvocationHelper.invokeMethodConsideringTimeout(MethodInvocationHelper.java:61)
at org.testng.internal.ConfigInvoker.invokeConfigurationMethod(ConfigInvoker.java:366)
at org.testng.internal.ConfigInvoker.invokeConfigurations(ConfigInvoker.java:320)
at org.testng.internal.TestInvoker.runConfigMethods(TestInvoker.java:701)
at org.testng.internal.TestInvoker.runAfterGroupsConfigurations(TestInvoker.java:677)
at org.testng.internal.TestInvoker.invokeMethod(TestInvoker.java:661)
at org.testng.internal.TestInvoker.invokeTestMethod(TestInvoker.java:174)
at org.testng.internal.MethodRunner.runInSequence(MethodRunner.java:46)
at org.testng.internal.TestInvoker$MethodInvocationAgent.invoke(TestInvoker.java:822)
at org.testng.internal.TestInvoker.invokeTestMethods(TestInvoker.java:147)
at org.testng.internal.TestMethodWorker.invokeTestMethods(TestMethodWorker.java:146)
at org.testng.internal.TestMethodWorker.run(TestMethodWorker.java:128)
at java.base/java.util.ArrayList.forEach(ArrayList.java:1511)
at org.testng.TestRunner.privateRun(TestRunner.java:764)
at org.testng.TestRunner.run(TestRunner.java:585)
at org.testng.SuiteRunner.runTest(SuiteRunner.java:384)
at org.testng.SuiteRunner.runSequentially(SuiteRunner.java:378)
at org.testng.SuiteRunner.privateRun(SuiteRunner.java:337)
at org.testng.SuiteRunner.run(SuiteRunner.java:286)
at org.testng.SuiteRunnerWorker.runSuite(SuiteRunnerWorker.java:53)
at org.testng.SuiteRunnerWorker.run(SuiteRunnerWorker.java:96)
at org.testng.TestNG.runSuitesSequentially(TestNG.java:1218)
at org.testng.TestNG.runSuitesLocally(TestNG.java:1140)
at org.testng.TestNG.runSuites(TestNG.java:1069)
at org.testng.TestNG.run(TestNG.java:1037)
at org.testng.remote.AbstractRemoteTestNG.run(AbstractRemoteTestNG.java:115)
at org.testng.remote.RemoteTestNG.initAndRun(RemoteTestNG.java:251)
at org.testng.remote.RemoteTestNG.main(RemoteTestNG.java:77)
]]>
    </error>
  </testcase> <!-- tearDown -->
  <system-out/>
  <testcase classname="com.firebase.test.tests.AutomationScripts" name="TestID_26Create_new_View_contact" time="0.000">
    <skipped/>
  </testcase> <!-- TestID_26Create_new_View_contact -->
  <system-out/>
  <testcase classname="com.firebase.test.tests.AutomationScripts" name="TestID_5Usermenudropdown" time="0.000">
    <skipped/>
  </testcase> <!-- TestID_5Usermenudropdown -->
  <system-out/>
  <testcase classname="com.firebase.test.tests.AutomationScripts" name="TestID_16createanewOpty" time="0.000">
    <skipped/>
  </testcase> <!-- TestID_16createanewOpty -->
  <system-out/>
  <testcase classname="com.firebase.test.tests.AutomationScripts" name="TestID_10CreateAccount" time="12.964"/>
  <system-out/>
  <testcase classname="com.firebase.test.tests.AutomationScripts" name="TestID_31Check_Cancel" time="0.000">
    <skipped/>
  </testcase> <!-- TestID_31Check_Cancel -->
  <system-out/>
  <testcase classname="com.firebase.test.tests.AutomationScripts" name="TestID_30Check_error" time="0.000">
    <skipped/>
  </testcase> <!-- TestID_30Check_error -->
  <system-out/>
  <testcase classname="com.firebase.test.tests.AutomationScripts" name="TestID_7MySettingFromUsermenudropdown" time="0.000">
    <skipped/>
  </testcase> <!-- TestID_7MySettingFromUsermenudropdown -->
  <system-out/>
  <testcase classname="com.firebase.test.tests.AutomationScripts" name="TestID_17Test_Opportunity_Pipeline_Report" time="0.000">
    <skipped/>
  </testcase> <!-- TestID_17Test_Opportunity_Pipeline_Report -->
  <system-out/>
  <testcase classname="com.firebase.test.tests.AutomationScripts" name="TestID_8DeveloperConsoleFromUsermenudropdown" time="0.000">
    <skipped/>
  </testcase> <!-- TestID_8DeveloperConsoleFromUsermenudropdown -->
  <system-out/>
  <testcase classname="com.firebase.test.tests.AutomationScripts" name="TestID_2LoginToSalesForce" time="0.000">
    <skipped/>
  </testcase> <!-- TestID_2LoginToSalesForce -->
  <system-out/>
  <testcase classname="com.firebase.test.tests.AutomationScripts" name="TestID_4BForgotPassword" time="0.000">
    <skipped/>
  </testcase> <!-- TestID_4BForgotPassword -->
  <system-out/>
  <testcase classname="com.firebase.test.tests.AutomationScripts" name="TestID_23Todays_Leads" time="0.000">
    <skipped/>
  </testcase> <!-- TestID_23Todays_Leads -->
  <system-out/>
  <testcase classname="com.firebase.test.tests.AutomationScripts" name="TestID_35verify_Tab_Customization" time="0.000">
    <skipped/>
  </testcase> <!-- TestID_35verify_Tab_Customization -->
  <system-out/>
  <testcase classname="com.firebase.test.tests.AutomationScripts" name="TestID_27Check_contact_Page" time="0.000">
    <skipped/>
  </testcase> <!-- TestID_27Check_contact_Page -->
  <system-out/>
  <testcase classname="com.firebase.test.tests.AutomationScripts" name="TestID_22default_View" time="0.000">
    <skipped/>
  </testcase> <!-- TestID_22default_View -->
  <system-out/>
  <testcase classname="com.firebase.test.tests.AutomationScripts" name="TestID_1LoginErrorMessage" time="0.000">
    <skipped/>
  </testcase> <!-- TestID_1LoginErrorMessage -->
  <system-out/>
  <testcase classname="com.firebase.test.tests.AutomationScripts" name="TestID_6MyProfileFromUsermenudropdown" time="0.000">
    <skipped/>
  </testcase> <!-- TestID_6MyProfileFromUsermenudropdown -->
  <system-out/>
  <testcase classname="com.firebase.test.tests.AutomationScripts" name="TestID_3CheckRemeberMe" time="0.000">
    <skipped/>
  </testcase> <!-- TestID_3CheckRemeberMe -->
  <system-out/>
</testsuite> <!-- com.firebase.test.tests.AutomationScripts -->
