<?xml version="1.0" encoding="UTF-8"?>
<!-- Generated by org.testng.reporters.JUnitXMLReporter -->
<testsuite ignored="0" hostname="Jitendras-MacBook-Air.local" failures="0" tests="37" name="Regression" time="17.533" errors="0" timestamp="2022-10-04T20:29:00 EDT">
  <testcase classname="com.firebase.test.base.BaseTest" name="@AfterMethod tearDown" time="0.004">
    <failure type="org.openqa.selenium.NoSuchSessionException" message="Tried to run command without establishing a connection
Build info: version: &amp;apos;4.4.0&amp;apos;, revision: &amp;apos;e5c75ed026a&amp;apos;
System info: host: &amp;apos;Jitendras-MacBook-Air.local&amp;apos;, ip: &amp;apos;2601:84:8801:82c0:6d16:701a:3d2:62c5%en0&amp;apos;, os.name: &amp;apos;Mac OS X&amp;apos;, os.arch: &amp;apos;aarch64&amp;apos;, os.version: &amp;apos;12.0.1&amp;apos;, java.version: &amp;apos;17.0.4&amp;apos;
Driver info: org.openqa.selenium.firefox.FirefoxDriver
Command: [e7439f58-d497-4453-ae3f-56161a97a354, setTimeout {implicit=30000}]
Capabilities {acceptInsecureCerts: true, browserName: firefox, browserVersion: 105.0.1, moz:accessibilityChecks: false, moz:buildID: 20220922151854, moz:debuggerAddress: 127.0.0.1:65525, moz:geckodriverVersion: 0.31.0, moz:headless: false, moz:platformVersion: 21.1.0, moz:processID: 6525, moz:profile: /var/folders/yg/swgt2fds51s..., moz:shutdownTimeout: 60000, moz:useNonSpecCompliantPointerOrigin: false, moz:webdriverClick: true, moz:windowless: false, pageLoadStrategy: normal, platformName: MAC, proxy: Proxy(), se:cdp: ws://127.0.0.1:65525/devtoo..., se:cdpVersion: 85.0, setWindowRect: true, strictFileInteractability: false, timeouts: {implicit: 0, pageLoad: 300000, script: 30000}, unhandledPromptBehavior: dismiss and notify}
Session ID: e7439f58-d497-4453-ae3f-56161a97a354">
      <![CDATA[org.openqa.selenium.NoSuchSessionException: Tried to run command without establishing a connection
Build info: version: '4.4.0', revision: 'e5c75ed026a'
System info: host: 'Jitendras-MacBook-Air.local', ip: '2601:84:8801:82c0:6d16:701a:3d2:62c5%en0', os.name: 'Mac OS X', os.arch: 'aarch64', os.version: '12.0.1', java.version: '17.0.4'
Driver info: org.openqa.selenium.firefox.FirefoxDriver
Command: [e7439f58-d497-4453-ae3f-56161a97a354, setTimeout {implicit=30000}]
Capabilities {acceptInsecureCerts: true, browserName: firefox, browserVersion: 105.0.1, moz:accessibilityChecks: false, moz:buildID: 20220922151854, moz:debuggerAddress: 127.0.0.1:65525, moz:geckodriverVersion: 0.31.0, moz:headless: false, moz:platformVersion: 21.1.0, moz:processID: 6525, moz:profile: /var/folders/yg/swgt2fds51s..., moz:shutdownTimeout: 60000, moz:useNonSpecCompliantPointerOrigin: false, moz:webdriverClick: true, moz:windowless: false, pageLoadStrategy: normal, platformName: MAC, proxy: Proxy(), se:cdp: ws://127.0.0.1:65525/devtoo..., se:cdpVersion: 85.0, setWindowRect: true, strictFileInteractability: false, timeouts: {implicit: 0, pageLoad: 300000, script: 30000}, unhandledPromptBehavior: dismiss and notify}
Session ID: e7439f58-d497-4453-ae3f-56161a97a354
at org.openqa.selenium.remote.codec.w3c.W3CHttpResponseCodec.createException(W3CHttpResponseCodec.java:200)
at org.openqa.selenium.remote.codec.w3c.W3CHttpResponseCodec.decode(W3CHttpResponseCodec.java:133)
at org.openqa.selenium.remote.codec.w3c.W3CHttpResponseCodec.decode(W3CHttpResponseCodec.java:53)
at org.openqa.selenium.remote.HttpCommandExecutor.execute(HttpCommandExecutor.java:184)
at org.openqa.selenium.remote.service.DriverCommandExecutor.invokeExecute(DriverCommandExecutor.java:167)
at org.openqa.selenium.remote.service.DriverCommandExecutor.execute(DriverCommandExecutor.java:142)
at org.openqa.selenium.remote.RemoteWebDriver.execute(RemoteWebDriver.java:547)
at org.openqa.selenium.remote.RemoteWebDriver$RemoteWebDriverOptions$RemoteTimeouts.implicitlyWait(RemoteWebDriver.java:902)
at com.firebase.test.base.BaseTest.implicitdriverTimeout(BaseTest.java:107)
at com.firebase.test.base.BaseTest.tearDown(BaseTest.java:94)
at java.base/java.util.ArrayList.forEach(ArrayList.java:1511)
... Removed 37 stack frames]]>
    </failure>
  </testcase> <!-- @AfterMethod tearDown -->
  <testcase classname="com.firebase.test.base.BaseTest" name="@BeforeMethod setUp" time="-1.664929740122E9">
    <skipped/>
  </testcase> <!-- @BeforeMethod setUp -->
  <testcase classname="com.firebase.test.base.BaseTest" name="@AfterMethod tearDown" time="-1.664929740124E9">
    <skipped/>
  </testcase> <!-- @AfterMethod tearDown -->
  <testcase classname="com.firebase.test.base.BaseTest" name="@BeforeMethod setUp" time="-1.664929740125E9">
    <skipped/>
  </testcase> <!-- @BeforeMethod setUp -->
  <testcase classname="com.firebase.test.base.BaseTest" name="@AfterMethod tearDown" time="-1.664929740126E9">
    <skipped/>
  </testcase> <!-- @AfterMethod tearDown -->
  <testcase classname="com.firebase.test.base.BaseTest" name="@BeforeMethod setUp" time="-1.664929740127E9">
    <skipped/>
  </testcase> <!-- @BeforeMethod setUp -->
  <testcase classname="com.firebase.test.base.BaseTest" name="@AfterMethod tearDown" time="-1.664929740128E9">
    <skipped/>
  </testcase> <!-- @AfterMethod tearDown -->
  <testcase classname="com.firebase.test.base.BaseTest" name="@BeforeMethod setUp" time="-1.664929740128E9">
    <skipped/>
  </testcase> <!-- @BeforeMethod setUp -->
  <testcase classname="com.firebase.test.base.BaseTest" name="@AfterMethod tearDown" time="-1.66492974013E9">
    <skipped/>
  </testcase> <!-- @AfterMethod tearDown -->
  <testcase classname="com.firebase.test.base.BaseTest" name="@BeforeMethod setUp" time="-1.66492974013E9">
    <skipped/>
  </testcase> <!-- @BeforeMethod setUp -->
  <testcase classname="com.firebase.test.base.BaseTest" name="@AfterMethod tearDown" time="-1.664929740134E9">
    <skipped/>
  </testcase> <!-- @AfterMethod tearDown -->
  <testcase classname="com.firebase.test.base.BaseTest" name="@BeforeMethod setUp" time="-1.664929740134E9">
    <skipped/>
  </testcase> <!-- @BeforeMethod setUp -->
  <testcase classname="com.firebase.test.base.BaseTest" name="@AfterMethod tearDown" time="-1.664929740136E9">
    <skipped/>
  </testcase> <!-- @AfterMethod tearDown -->
  <testcase classname="com.firebase.test.base.BaseTest" name="@BeforeMethod setUp" time="-1.664929740136E9">
    <skipped/>
  </testcase> <!-- @BeforeMethod setUp -->
  <testcase classname="com.firebase.test.base.BaseTest" name="@AfterMethod tearDown" time="-1.664929740137E9">
    <skipped/>
  </testcase> <!-- @AfterMethod tearDown -->
  <testcase classname="com.firebase.test.base.BaseTest" name="@BeforeMethod setUp" time="-1.664929740138E9">
    <skipped/>
  </testcase> <!-- @BeforeMethod setUp -->
  <testcase classname="com.firebase.test.base.BaseTest" name="@AfterMethod tearDown" time="-1.664929740139E9">
    <skipped/>
  </testcase> <!-- @AfterMethod tearDown -->
  <testcase classname="com.firebase.test.base.BaseTest" name="@BeforeMethod setUp" time="-1.664929740139E9">
    <skipped/>
  </testcase> <!-- @BeforeMethod setUp -->
  <testcase classname="com.firebase.test.base.BaseTest" name="@AfterMethod tearDown" time="-1.66492974014E9">
    <skipped/>
  </testcase> <!-- @AfterMethod tearDown -->
  <testcase classname="com.firebase.test.base.BaseTest" name="@BeforeMethod setUp" time="-1.66492974014E9">
    <skipped/>
  </testcase> <!-- @BeforeMethod setUp -->
  <testcase classname="com.firebase.test.base.BaseTest" name="@AfterMethod tearDown" time="-1.664929740141E9">
    <skipped/>
  </testcase> <!-- @AfterMethod tearDown -->
  <testcase classname="com.firebase.test.base.BaseTest" name="@BeforeMethod setUp" time="-1.664929740142E9">
    <skipped/>
  </testcase> <!-- @BeforeMethod setUp -->
  <testcase classname="com.firebase.test.base.BaseTest" name="@AfterMethod tearDown" time="-1.664929740143E9">
    <skipped/>
  </testcase> <!-- @AfterMethod tearDown -->
  <testcase classname="com.firebase.test.base.BaseTest" name="@BeforeMethod setUp" time="-1.664929740143E9">
    <skipped/>
  </testcase> <!-- @BeforeMethod setUp -->
  <testcase classname="com.firebase.test.base.BaseTest" name="@AfterMethod tearDown" time="-1.664929740144E9">
    <skipped/>
  </testcase> <!-- @AfterMethod tearDown -->
  <testcase classname="com.firebase.test.base.BaseTest" name="@BeforeMethod setUp" time="-1.664929740144E9">
    <skipped/>
  </testcase> <!-- @BeforeMethod setUp -->
  <testcase classname="com.firebase.test.base.BaseTest" name="@AfterMethod tearDown" time="-1.664929740145E9">
    <skipped/>
  </testcase> <!-- @AfterMethod tearDown -->
  <testcase classname="com.firebase.test.base.BaseTest" name="@BeforeMethod setUp" time="-1.664929740145E9">
    <skipped/>
  </testcase> <!-- @BeforeMethod setUp -->
  <testcase classname="com.firebase.test.base.BaseTest" name="@AfterMethod tearDown" time="-1.664929740148E9">
    <skipped/>
  </testcase> <!-- @AfterMethod tearDown -->
  <testcase classname="com.firebase.test.base.BaseTest" name="@BeforeMethod setUp" time="-1.664929740148E9">
    <skipped/>
  </testcase> <!-- @BeforeMethod setUp -->
  <testcase classname="com.firebase.test.base.BaseTest" name="@AfterMethod tearDown" time="-1.664929740149E9">
    <skipped/>
  </testcase> <!-- @AfterMethod tearDown -->
  <testcase classname="com.firebase.test.base.BaseTest" name="@BeforeMethod setUp" time="-1.66492974015E9">
    <skipped/>
  </testcase> <!-- @BeforeMethod setUp -->
  <testcase classname="com.firebase.test.base.BaseTest" name="@AfterMethod tearDown" time="-1.664929740151E9">
    <skipped/>
  </testcase> <!-- @AfterMethod tearDown -->
  <testcase classname="com.firebase.test.base.BaseTest" name="@BeforeMethod setUp" time="-1.664929740152E9">
    <skipped/>
  </testcase> <!-- @BeforeMethod setUp -->
  <testcase classname="com.firebase.test.base.BaseTest" name="@AfterMethod tearDown" time="-1.664929740152E9">
    <skipped/>
  </testcase> <!-- @AfterMethod tearDown -->
  <testcase classname="com.firebase.test.base.BaseTest" name="@BeforeMethod setUp" time="-1.664929740153E9">
    <skipped/>
  </testcase> <!-- @BeforeMethod setUp -->
  <testcase classname="com.firebase.test.base.BaseTest" name="@AfterMethod tearDown" time="-1.664929740154E9">
    <skipped/>
  </testcase> <!-- @AfterMethod tearDown -->
  <testcase classname="com.firebase.test.base.BaseTest" name="@BeforeMethod setUp" time="-1.664929740154E9">
    <skipped/>
  </testcase> <!-- @BeforeMethod setUp -->
  <testcase classname="com.firebase.test.base.BaseTest" name="@AfterMethod tearDown" time="-1.664929740156E9">
    <skipped/>
  </testcase> <!-- @AfterMethod tearDown -->
  <testcase classname="com.firebase.test.base.BaseTest" name="@BeforeMethod setUp" time="-1.664929740156E9">
    <skipped/>
  </testcase> <!-- @BeforeMethod setUp -->
  <testcase classname="com.firebase.test.base.BaseTest" name="@AfterMethod tearDown" time="-1.664929740157E9">
    <skipped/>
  </testcase> <!-- @AfterMethod tearDown -->
  <testcase classname="com.firebase.test.base.BaseTest" name="@BeforeMethod setUp" time="-1.664929740158E9">
    <skipped/>
  </testcase> <!-- @BeforeMethod setUp -->
  <testcase classname="com.firebase.test.base.BaseTest" name="@AfterMethod tearDown" time="-1.664929740158E9">
    <skipped/>
  </testcase> <!-- @AfterMethod tearDown -->
  <testcase classname="com.firebase.test.base.BaseTest" name="@BeforeMethod setUp" time="-1.664929740159E9">
    <skipped/>
  </testcase> <!-- @BeforeMethod setUp -->
  <testcase classname="com.firebase.test.base.BaseTest" name="@AfterMethod tearDown" time="-1.664929740159E9">
    <skipped/>
  </testcase> <!-- @AfterMethod tearDown -->
  <testcase classname="com.firebase.test.base.BaseTest" name="@BeforeMethod setUp" time="-1.66492974016E9">
    <skipped/>
  </testcase> <!-- @BeforeMethod setUp -->
  <testcase classname="com.firebase.test.base.BaseTest" name="@AfterMethod tearDown" time="-1.66492974016E9">
    <skipped/>
  </testcase> <!-- @AfterMethod tearDown -->
  <testcase classname="com.firebase.test.base.BaseTest" name="@BeforeMethod setUp" time="-1.664929740161E9">
    <skipped/>
  </testcase> <!-- @BeforeMethod setUp -->
  <testcase classname="com.firebase.test.base.BaseTest" name="@AfterMethod tearDown" time="-1.664929740161E9">
    <skipped/>
  </testcase> <!-- @AfterMethod tearDown -->
  <testcase classname="com.firebase.test.base.BaseTest" name="@BeforeMethod setUp" time="-1.664929740162E9">
    <skipped/>
  </testcase> <!-- @BeforeMethod setUp -->
  <testcase classname="com.firebase.test.base.BaseTest" name="@AfterMethod tearDown" time="-1.664929740163E9">
    <skipped/>
  </testcase> <!-- @AfterMethod tearDown -->
  <testcase classname="com.firebase.test.base.BaseTest" name="@BeforeMethod setUp" time="-1.664929740164E9">
    <skipped/>
  </testcase> <!-- @BeforeMethod setUp -->
  <testcase classname="com.firebase.test.base.BaseTest" name="@AfterMethod tearDown" time="-1.664929740165E9">
    <skipped/>
  </testcase> <!-- @AfterMethod tearDown -->
  <testcase classname="com.firebase.test.base.BaseTest" name="@BeforeMethod setUp" time="-1.664929740165E9">
    <skipped/>
  </testcase> <!-- @BeforeMethod setUp -->
  <testcase classname="com.firebase.test.base.BaseTest" name="@AfterMethod tearDown" time="-1.664929740166E9">
    <skipped/>
  </testcase> <!-- @AfterMethod tearDown -->
  <testcase classname="com.firebase.test.base.BaseTest" name="@BeforeMethod setUp" time="-1.664929740166E9">
    <skipped/>
  </testcase> <!-- @BeforeMethod setUp -->
  <testcase classname="com.firebase.test.base.BaseTest" name="@AfterMethod tearDown" time="-1.664929740167E9">
    <skipped/>
  </testcase> <!-- @AfterMethod tearDown -->
  <testcase classname="com.firebase.test.base.BaseTest" name="@BeforeMethod setUp" time="-1.664929740167E9">
    <skipped/>
  </testcase> <!-- @BeforeMethod setUp -->
  <testcase classname="com.firebase.test.base.BaseTest" name="@AfterMethod tearDown" time="-1.664929740168E9">
    <skipped/>
  </testcase> <!-- @AfterMethod tearDown -->
  <testcase classname="com.firebase.test.base.BaseTest" name="@BeforeMethod setUp" time="-1.664929740168E9">
    <skipped/>
  </testcase> <!-- @BeforeMethod setUp -->
  <testcase classname="com.firebase.test.base.BaseTest" name="@AfterMethod tearDown" time="-1.664929740169E9">
    <skipped/>
  </testcase> <!-- @AfterMethod tearDown -->
  <testcase classname="com.firebase.test.base.BaseTest" name="@BeforeMethod setUp" time="-1.664929740169E9">
    <skipped/>
  </testcase> <!-- @BeforeMethod setUp -->
  <testcase classname="com.firebase.test.base.BaseTest" name="@AfterMethod tearDown" time="-1.66492974017E9">
    <skipped/>
  </testcase> <!-- @AfterMethod tearDown -->
  <testcase classname="com.firebase.test.base.BaseTest" name="@BeforeMethod setUp" time="-1.66492974017E9">
    <skipped/>
  </testcase> <!-- @BeforeMethod setUp -->
  <testcase classname="com.firebase.test.base.BaseTest" name="@AfterMethod tearDown" time="-1.664929740171E9">
    <skipped/>
  </testcase> <!-- @AfterMethod tearDown -->
  <testcase classname="com.firebase.test.base.BaseTest" name="@BeforeMethod setUp" time="-1.664929740171E9">
    <skipped/>
  </testcase> <!-- @BeforeMethod setUp -->
  <testcase classname="com.firebase.test.base.BaseTest" name="@AfterMethod tearDown" time="-1.664929740172E9">
    <skipped/>
  </testcase> <!-- @AfterMethod tearDown -->
  <testcase classname="com.firebase.test.base.BaseTest" name="@BeforeMethod setUp" time="-1.664929740172E9">
    <skipped/>
  </testcase> <!-- @BeforeMethod setUp -->
  <testcase classname="com.firebase.test.base.BaseTest" name="@AfterMethod tearDown" time="-1.664929740173E9">
    <skipped/>
  </testcase> <!-- @AfterMethod tearDown -->
  <testcase classname="com.firebase.test.base.BaseTest" name="@BeforeMethod setUp" time="-1.664929740173E9">
    <skipped/>
  </testcase> <!-- @BeforeMethod setUp -->
  <testcase classname="com.firebase.test.base.BaseTest" name="@AfterMethod tearDown" time="-1.664929740174E9">
    <skipped/>
  </testcase> <!-- @AfterMethod tearDown -->
  <testcase classname="com.firebase.test.base.BaseTest" name="@BeforeMethod setUp" time="-1.664929740174E9">
    <skipped/>
  </testcase> <!-- @BeforeMethod setUp -->
  <testcase classname="com.firebase.test.base.BaseTest" name="@AfterMethod tearDown" time="-1.664929740174E9">
    <skipped/>
  </testcase> <!-- @AfterMethod tearDown -->
  <testcase classname="com.firebase.test.tests.AutomationScripts" name="TestID_10CreateAccount" time="12.964"/>
  <testcase classname="com.firebase.test.tests.AutomationScripts" name="TestID_11Createnewview" time="0.0">
    <skipped/>
  </testcase> <!-- TestID_11Createnewview -->
  <testcase classname="com.firebase.test.tests.AutomationScripts" name="TestID_12Editview" time="0.0">
    <skipped/>
  </testcase> <!-- TestID_12Editview -->
  <testcase classname="com.firebase.test.tests.AutomationScripts" name="TestID_13MergeAccounts" time="0.0">
    <skipped/>
  </testcase> <!-- TestID_13MergeAccounts -->
  <testcase classname="com.firebase.test.tests.AutomationScripts" name="TestID_14CreateAccountReport" time="0.0">
    <skipped/>
  </testcase> <!-- TestID_14CreateAccountReport -->
  <testcase classname="com.firebase.test.tests.AutomationScripts" name="TestID_15opportunitiesDropdown" time="0.0">
    <skipped/>
  </testcase> <!-- TestID_15opportunitiesDropdown -->
  <testcase classname="com.firebase.test.tests.AutomationScripts" name="TestID_16createanewOpty" time="0.0">
    <skipped/>
  </testcase> <!-- TestID_16createanewOpty -->
  <testcase classname="com.firebase.test.tests.AutomationScripts" name="TestID_17Test_Opportunity_Pipeline_Report" time="0.0">
    <skipped/>
  </testcase> <!-- TestID_17Test_Opportunity_Pipeline_Report -->
  <testcase classname="com.firebase.test.tests.AutomationScripts" name="TestID_18Test_Stuck_Opportunity_Report" time="0.0">
    <skipped/>
  </testcase> <!-- TestID_18Test_Stuck_Opportunity_Report -->
  <testcase classname="com.firebase.test.tests.AutomationScripts" name="TestID_19Test_quarterly_Summary_Report" time="0.0">
    <skipped/>
  </testcase> <!-- TestID_19Test_quarterly_Summary_Report -->
  <testcase classname="com.firebase.test.tests.AutomationScripts" name="TestID_1LoginErrorMessage" time="0.0">
    <skipped/>
  </testcase> <!-- TestID_1LoginErrorMessage -->
  <testcase classname="com.firebase.test.tests.AutomationScripts" name="TestID_20leads_Tab" time="0.0">
    <skipped/>
  </testcase> <!-- TestID_20leads_Tab -->
  <testcase classname="com.firebase.test.tests.AutomationScripts" name="TestID_21leads_Select_View" time="0.0">
    <skipped/>
  </testcase> <!-- TestID_21leads_Select_View -->
  <testcase classname="com.firebase.test.tests.AutomationScripts" name="TestID_22default_View" time="0.0">
    <skipped/>
  </testcase> <!-- TestID_22default_View -->
  <testcase classname="com.firebase.test.tests.AutomationScripts" name="TestID_23Todays_Leads" time="0.0">
    <skipped/>
  </testcase> <!-- TestID_23Todays_Leads -->
  <testcase classname="com.firebase.test.tests.AutomationScripts" name="TestID_24new_Button_On_Lead" time="0.0">
    <skipped/>
  </testcase> <!-- TestID_24new_Button_On_Lead -->
  <testcase classname="com.firebase.test.tests.AutomationScripts" name="TestID_25Create_new_contact" time="0.0">
    <skipped/>
  </testcase> <!-- TestID_25Create_new_contact -->
  <testcase classname="com.firebase.test.tests.AutomationScripts" name="TestID_26Create_new_View_contact" time="0.0">
    <skipped/>
  </testcase> <!-- TestID_26Create_new_View_contact -->
  <testcase classname="com.firebase.test.tests.AutomationScripts" name="TestID_27Check_contact_Page" time="0.0">
    <skipped/>
  </testcase> <!-- TestID_27Check_contact_Page -->
  <testcase classname="com.firebase.test.tests.AutomationScripts" name="TestID_28Check_My_contact_view" time="0.0">
    <skipped/>
  </testcase> <!-- TestID_28Check_My_contact_view -->
  <testcase classname="com.firebase.test.tests.AutomationScripts" name="TestID_29View_Contact_contact_Page" time="0.0">
    <skipped/>
  </testcase> <!-- TestID_29View_Contact_contact_Page -->
  <testcase classname="com.firebase.test.tests.AutomationScripts" name="TestID_2LoginToSalesForce" time="0.0">
    <skipped/>
  </testcase> <!-- TestID_2LoginToSalesForce -->
  <testcase classname="com.firebase.test.tests.AutomationScripts" name="TestID_30Check_error" time="0.0">
    <skipped/>
  </testcase> <!-- TestID_30Check_error -->
  <testcase classname="com.firebase.test.tests.AutomationScripts" name="TestID_31Check_Cancel" time="0.0">
    <skipped/>
  </testcase> <!-- TestID_31Check_Cancel -->
  <testcase classname="com.firebase.test.tests.AutomationScripts" name="TestID_33Check_SaveandNew_button" time="0.0">
    <skipped/>
  </testcase> <!-- TestID_33Check_SaveandNew_button -->
  <testcase classname="com.firebase.test.tests.AutomationScripts" name="TestID_34verify_Edited_Lastname" time="0.0">
    <skipped/>
  </testcase> <!-- TestID_34verify_Edited_Lastname -->
  <testcase classname="com.firebase.test.tests.AutomationScripts" name="TestID_35verify_Tab_Customization" time="0.0">
    <skipped/>
  </testcase> <!-- TestID_35verify_Tab_Customization -->
  <testcase classname="com.firebase.test.tests.AutomationScripts" name="TestID_36blocking_An_Event" time="0.0">
    <skipped/>
  </testcase> <!-- TestID_36blocking_An_Event -->
  <testcase classname="com.firebase.test.tests.AutomationScripts" name="TestID_37blocking_An_Event_With_Weekly" time="0.0">
    <skipped/>
  </testcase> <!-- TestID_37blocking_An_Event_With_Weekly -->
  <testcase classname="com.firebase.test.tests.AutomationScripts" name="TestID_3CheckRemeberMe" time="0.0">
    <skipped/>
  </testcase> <!-- TestID_3CheckRemeberMe -->
  <testcase classname="com.firebase.test.tests.AutomationScripts" name="TestID_4AForgotPassword" time="0.0">
    <skipped/>
  </testcase> <!-- TestID_4AForgotPassword -->
  <testcase classname="com.firebase.test.tests.AutomationScripts" name="TestID_4BForgotPassword" time="0.0">
    <skipped/>
  </testcase> <!-- TestID_4BForgotPassword -->
  <testcase classname="com.firebase.test.tests.AutomationScripts" name="TestID_5Usermenudropdown" time="0.0">
    <skipped/>
  </testcase> <!-- TestID_5Usermenudropdown -->
  <testcase classname="com.firebase.test.tests.AutomationScripts" name="TestID_6MyProfileFromUsermenudropdown" time="0.0">
    <skipped/>
  </testcase> <!-- TestID_6MyProfileFromUsermenudropdown -->
  <testcase classname="com.firebase.test.tests.AutomationScripts" name="TestID_7MySettingFromUsermenudropdown" time="0.0">
    <skipped/>
  </testcase> <!-- TestID_7MySettingFromUsermenudropdown -->
  <testcase classname="com.firebase.test.tests.AutomationScripts" name="TestID_8DeveloperConsoleFromUsermenudropdown" time="0.0">
    <skipped/>
  </testcase> <!-- TestID_8DeveloperConsoleFromUsermenudropdown -->
  <testcase classname="com.firebase.test.tests.AutomationScripts" name="TestID_9LogoutFromUsermenudropdown" time="0.0">
    <skipped/>
  </testcase> <!-- TestID_9LogoutFromUsermenudropdown -->
</testsuite> <!-- Regression -->
